Analysis & Synthesis report for main
Thu Apr 24 12:21:41 2025
Quartus Prime Version 17.0.0 Build 595 04/25/2017 SJ Lite Edition


---------------------
; Table of Contents ;
---------------------
  1. Legal Notice
  2. Analysis & Synthesis Summary
  3. Analysis & Synthesis Settings
  4. Parallel Compilation
  5. Analysis & Synthesis Source Files Read
  6. Analysis & Synthesis Resource Usage Summary
  7. Analysis & Synthesis Resource Utilization by Entity
  8. Analysis & Synthesis RAM Summary
  9. General Register Statistics
 10. Registers Packed Into Inferred Megafunctions
 11. Source assignments for single_port_ram_read_first_mode:single_port_ram_read_first_mode_inst|altsyncram:mem_rtl_0|altsyncram_io71:auto_generated
 12. Source assignments for single_port_ram_write_first_mode:single_port_ram_write_first_mode_inst|altsyncram:mem_rtl_0|altsyncram_3q31:auto_generated
 13. Source assignments for single_port_ram_no_change_mode:single_port_ram_no_change_mode_inst|altsyncram:mem_rtl_0|altsyncram_i7d1:auto_generated
 14. Parameter Settings for User Entity Instance: single_port_ram_read_first_mode:single_port_ram_read_first_mode_inst
 15. Parameter Settings for User Entity Instance: single_port_ram_write_first_mode:single_port_ram_write_first_mode_inst
 16. Parameter Settings for User Entity Instance: single_port_ram_no_change_mode:single_port_ram_no_change_mode_inst
 17. Parameter Settings for Inferred Entity Instance: single_port_ram_read_first_mode:single_port_ram_read_first_mode_inst|altsyncram:mem_rtl_0
 18. Parameter Settings for Inferred Entity Instance: single_port_ram_write_first_mode:single_port_ram_write_first_mode_inst|altsyncram:mem_rtl_0
 19. Parameter Settings for Inferred Entity Instance: single_port_ram_no_change_mode:single_port_ram_no_change_mode_inst|altsyncram:mem_rtl_0
 20. altsyncram Parameter Settings by Entity Instance
 21. Post-Synthesis Netlist Statistics for Top Partition
 22. Elapsed Time Per Partition
 23. Analysis & Synthesis Messages



----------------
; Legal Notice ;
----------------
Copyright (C) 2017  Intel Corporation. All rights reserved.
Your use of Intel Corporation's design tools, logic functions 
and other software and tools, and its AMPP partner logic 
functions, and any output files from any of the foregoing 
(including device programming or simulation files), and any 
associated documentation or information are expressly subject 
to the terms and conditions of the Intel Program License 
Subscription Agreement, the Intel Quartus Prime License Agreement,
the Intel MegaCore Function License Agreement, or other 
applicable license agreement, including, without limitation, 
that your use is for the sole purpose of programming logic 
devices manufactured by Intel and sold by Intel or its 
authorized distributors.  Please refer to the applicable 
agreement for further details.



+----------------------------------------------------------------------------------+
; Analysis & Synthesis Summary                                                     ;
+------------------------------------+---------------------------------------------+
; Analysis & Synthesis Status        ; Successful - Thu Apr 24 12:21:41 2025       ;
; Quartus Prime Version              ; 17.0.0 Build 595 04/25/2017 SJ Lite Edition ;
; Revision Name                      ; main                                        ;
; Top-level Entity Name              ; main                                        ;
; Family                             ; MAX 10                                      ;
; Total logic elements               ; 0                                           ;
;     Total combinational functions  ; 0                                           ;
;     Dedicated logic registers      ; 0                                           ;
; Total registers                    ; 0                                           ;
; Total pins                         ; 106                                         ;
; Total virtual pins                 ; 0                                           ;
; Total memory bits                  ; 18,432                                      ;
; Embedded Multiplier 9-bit elements ; 0                                           ;
; Total PLLs                         ; 0                                           ;
; UFM blocks                         ; 0                                           ;
; ADC blocks                         ; 0                                           ;
+------------------------------------+---------------------------------------------+


+----------------------------------------------------------------------------------------------------------------------+
; Analysis & Synthesis Settings                                                                                        ;
+----------------------------------------------------------------------------+--------------------+--------------------+
; Option                                                                     ; Setting            ; Default Value      ;
+----------------------------------------------------------------------------+--------------------+--------------------+
; Device                                                                     ; 10M16DCF256I7G     ;                    ;
; Top-level entity name                                                      ; main               ; main               ;
; Family name                                                                ; MAX 10             ; Cyclone V          ;
; Use smart compilation                                                      ; Off                ; Off                ;
; Enable parallel Assembler and TimeQuest Timing Analyzer during compilation ; On                 ; On                 ;
; Enable compact report table                                                ; Off                ; Off                ;
; Restructure Multiplexers                                                   ; Auto               ; Auto               ;
; Create Debugging Nodes for IP Cores                                        ; Off                ; Off                ;
; Preserve fewer node names                                                  ; On                 ; On                 ;
; OpenCore Plus hardware evaluation                                          ; Enable             ; Enable             ;
; Verilog Version                                                            ; Verilog_2001       ; Verilog_2001       ;
; VHDL Version                                                               ; VHDL_1993          ; VHDL_1993          ;
; State Machine Processing                                                   ; Auto               ; Auto               ;
; Safe State Machine                                                         ; Off                ; Off                ;
; Extract Verilog State Machines                                             ; On                 ; On                 ;
; Extract VHDL State Machines                                                ; On                 ; On                 ;
; Ignore Verilog initial constructs                                          ; Off                ; Off                ;
; Iteration limit for constant Verilog loops                                 ; 5000               ; 5000               ;
; Iteration limit for non-constant Verilog loops                             ; 250                ; 250                ;
; Add Pass-Through Logic to Inferred RAMs                                    ; On                 ; On                 ;
; Infer RAMs from Raw Logic                                                  ; On                 ; On                 ;
; Parallel Synthesis                                                         ; On                 ; On                 ;
; DSP Block Balancing                                                        ; Auto               ; Auto               ;
; NOT Gate Push-Back                                                         ; On                 ; On                 ;
; Power-Up Don't Care                                                        ; On                 ; On                 ;
; Remove Redundant Logic Cells                                               ; Off                ; Off                ;
; Remove Duplicate Registers                                                 ; On                 ; On                 ;
; Ignore CARRY Buffers                                                       ; Off                ; Off                ;
; Ignore CASCADE Buffers                                                     ; Off                ; Off                ;
; Ignore GLOBAL Buffers                                                      ; Off                ; Off                ;
; Ignore ROW GLOBAL Buffers                                                  ; Off                ; Off                ;
; Ignore LCELL Buffers                                                       ; Off                ; Off                ;
; Ignore SOFT Buffers                                                        ; On                 ; On                 ;
; Limit AHDL Integers to 32 Bits                                             ; Off                ; Off                ;
; Optimization Technique                                                     ; Balanced           ; Balanced           ;
; Carry Chain Length                                                         ; 70                 ; 70                 ;
; Auto Carry Chains                                                          ; On                 ; On                 ;
; Auto Open-Drain Pins                                                       ; On                 ; On                 ;
; Perform WYSIWYG Primitive Resynthesis                                      ; Off                ; Off                ;
; Auto ROM Replacement                                                       ; On                 ; On                 ;
; Auto RAM Replacement                                                       ; On                 ; On                 ;
; Auto DSP Block Replacement                                                 ; On                 ; On                 ;
; Auto Shift Register Replacement                                            ; Auto               ; Auto               ;
; Allow Shift Register Merging across Hierarchies                            ; Auto               ; Auto               ;
; Auto Clock Enable Replacement                                              ; On                 ; On                 ;
; Strict RAM Replacement                                                     ; Off                ; Off                ;
; Allow Synchronous Control Signals                                          ; On                 ; On                 ;
; Force Use of Synchronous Clear Signals                                     ; Off                ; Off                ;
; Auto RAM Block Balancing                                                   ; On                 ; On                 ;
; Auto RAM to Logic Cell Conversion                                          ; Off                ; Off                ;
; Auto Resource Sharing                                                      ; Off                ; Off                ;
; Allow Any RAM Size For Recognition                                         ; Off                ; Off                ;
; Allow Any ROM Size For Recognition                                         ; Off                ; Off                ;
; Allow Any Shift Register Size For Recognition                              ; Off                ; Off                ;
; Use LogicLock Constraints during Resource Balancing                        ; On                 ; On                 ;
; Ignore translate_off and synthesis_off directives                          ; Off                ; Off                ;
; Timing-Driven Synthesis                                                    ; On                 ; On                 ;
; Report Parameter Settings                                                  ; On                 ; On                 ;
; Report Source Assignments                                                  ; On                 ; On                 ;
; Report Connectivity Checks                                                 ; On                 ; On                 ;
; Ignore Maximum Fan-Out Assignments                                         ; Off                ; Off                ;
; Synchronization Register Chain Length                                      ; 2                  ; 2                  ;
; PowerPlay Power Optimization During Synthesis                              ; Normal compilation ; Normal compilation ;
; HDL message level                                                          ; Level2             ; Level2             ;
; Suppress Register Optimization Related Messages                            ; Off                ; Off                ;
; Number of Removed Registers Reported in Synthesis Report                   ; 5000               ; 5000               ;
; Number of Swept Nodes Reported in Synthesis Report                         ; 5000               ; 5000               ;
; Number of Inverted Registers Reported in Synthesis Report                  ; 100                ; 100                ;
; Clock MUX Protection                                                       ; On                 ; On                 ;
; Auto Gated Clock Conversion                                                ; Off                ; Off                ;
; Block Design Naming                                                        ; Auto               ; Auto               ;
; SDC constraint protection                                                  ; Off                ; Off                ;
; Synthesis Effort                                                           ; Auto               ; Auto               ;
; Shift Register Replacement - Allow Asynchronous Clear Signal               ; On                 ; On                 ;
; Pre-Mapping Resynthesis Optimization                                       ; Off                ; Off                ;
; Analysis & Synthesis Message Level                                         ; Medium             ; Medium             ;
; Disable Register Merging Across Hierarchies                                ; Auto               ; Auto               ;
; Resource Aware Inference For Block RAM                                     ; On                 ; On                 ;
+----------------------------------------------------------------------------+--------------------+--------------------+


+------------------------------------------+
; Parallel Compilation                     ;
+----------------------------+-------------+
; Processors                 ; Number      ;
+----------------------------+-------------+
; Number detected on machine ; 2           ;
; Maximum allowed            ; 2           ;
;                            ;             ;
; Average used               ; 1.00        ;
; Maximum used               ; 1           ;
;                            ;             ;
; Usage by Processor         ; % Time Used ;
;     Processor 1            ; 100.0%      ;
+----------------------------+-------------+


+------------------------------------------------------------------------------------------------------------------------------------------------------------------------------------------+
; Analysis & Synthesis Source Files Read                                                                                                                                                   ;
+----------------------------------------+-----------------+------------------------------+--------------------------------------------------------------------------------------+---------+
; File Name with User-Entered Path       ; Used in Netlist ; File Type                    ; File Name with Absolute Path                                                         ; Library ;
+----------------------------------------+-----------------+------------------------------+--------------------------------------------------------------------------------------+---------+
; main.v                                 ; yes             ; User Verilog HDL File        ; D:/test/Test/Quartus_projects/single_port_ram/main.v                                 ;         ;
; src/single_port_ram_no_change_mode.v   ; yes             ; User Verilog HDL File        ; D:/test/Test/Quartus_projects/single_port_ram/src/single_port_ram_no_change_mode.v   ;         ;
; src/single_port_ram_read_first_mode.v  ; yes             ; User Verilog HDL File        ; D:/test/Test/Quartus_projects/single_port_ram/src/single_port_ram_read_first_mode.v  ;         ;
; src/single_port_ram_write_first_mode.v ; yes             ; User Verilog HDL File        ; D:/test/Test/Quartus_projects/single_port_ram/src/single_port_ram_write_first_mode.v ;         ;
; altsyncram.tdf                         ; yes             ; Megafunction                 ; d:/intelfpga_lite/17.0/quartus/libraries/megafunctions/altsyncram.tdf                ;         ;
; stratix_ram_block.inc                  ; yes             ; Megafunction                 ; d:/intelfpga_lite/17.0/quartus/libraries/megafunctions/stratix_ram_block.inc         ;         ;
; lpm_mux.inc                            ; yes             ; Megafunction                 ; d:/intelfpga_lite/17.0/quartus/libraries/megafunctions/lpm_mux.inc                   ;         ;
; lpm_decode.inc                         ; yes             ; Megafunction                 ; d:/intelfpga_lite/17.0/quartus/libraries/megafunctions/lpm_decode.inc                ;         ;
; aglobal170.inc                         ; yes             ; Megafunction                 ; d:/intelfpga_lite/17.0/quartus/libraries/megafunctions/aglobal170.inc                ;         ;
; a_rdenreg.inc                          ; yes             ; Megafunction                 ; d:/intelfpga_lite/17.0/quartus/libraries/megafunctions/a_rdenreg.inc                 ;         ;
; altrom.inc                             ; yes             ; Megafunction                 ; d:/intelfpga_lite/17.0/quartus/libraries/megafunctions/altrom.inc                    ;         ;
; altram.inc                             ; yes             ; Megafunction                 ; d:/intelfpga_lite/17.0/quartus/libraries/megafunctions/altram.inc                    ;         ;
; altdpram.inc                           ; yes             ; Megafunction                 ; d:/intelfpga_lite/17.0/quartus/libraries/megafunctions/altdpram.inc                  ;         ;
; db/altsyncram_io71.tdf                 ; yes             ; Auto-Generated Megafunction  ; D:/test/Test/Quartus_projects/single_port_ram/db/altsyncram_io71.tdf                 ;         ;
; db/altsyncram_3q31.tdf                 ; yes             ; Auto-Generated Megafunction  ; D:/test/Test/Quartus_projects/single_port_ram/db/altsyncram_3q31.tdf                 ;         ;
; db/altsyncram_i7d1.tdf                 ; yes             ; Auto-Generated Megafunction  ; D:/test/Test/Quartus_projects/single_port_ram/db/altsyncram_i7d1.tdf                 ;         ;
+----------------------------------------+-----------------+------------------------------+--------------------------------------------------------------------------------------+---------+


+--------------------------------------------------------+
; Analysis & Synthesis Resource Usage Summary            ;
+---------------------------------------------+----------+
; Resource                                    ; Usage    ;
+---------------------------------------------+----------+
;                                             ;          ;
; Total combinational functions               ; 0        ;
; Logic element usage by number of LUT inputs ;          ;
;     -- 4 input functions                    ; 0        ;
;     -- 3 input functions                    ; 0        ;
;     -- <=2 input functions                  ; 0        ;
;                                             ;          ;
; Logic elements by mode                      ;          ;
;     -- normal mode                          ; 0        ;
;     -- arithmetic mode                      ; 0        ;
;                                             ;          ;
; Total registers                             ; 0        ;
;     -- Dedicated logic registers            ; 0        ;
;     -- I/O registers                        ; 0        ;
;                                             ;          ;
; I/O pins                                    ; 106      ;
; Total memory bits                           ; 18432    ;
;                                             ;          ;
; Embedded Multiplier 9-bit elements          ; 0        ;
;                                             ;          ;
; Maximum fan-out node                        ; we~input ;
; Maximum fan-out                             ; 72       ;
; Total fan-out                               ; 970      ;
; Average fan-out                             ; 3.42     ;
+---------------------------------------------+----------+


+-----------------------------------------------------------------------------------------------------------------------------------------------------------------------------------------------------------------------------------------------------------------------------------------------------------------------------------------------------------------------------------------------------------------------+
; Analysis & Synthesis Resource Utilization by Entity                                                                                                                                                                                                                                                                                                                                                                   ;
+-----------------------------------------------------------------------------+---------------------+---------------------------+-------------+------------+--------------+---------+-----------+------+--------------+------------+----------------------------------------------------------------------------------------------------------------------------------+----------------------------------+--------------+
; Compilation Hierarchy Node                                                  ; Combinational ALUTs ; Dedicated Logic Registers ; Memory Bits ; UFM Blocks ; DSP Elements ; DSP 9x9 ; DSP 18x18 ; Pins ; Virtual Pins ; ADC blocks ; Full Hierarchy Name                                                                                                              ; Entity Name                      ; Library Name ;
+-----------------------------------------------------------------------------+---------------------+---------------------------+-------------+------------+--------------+---------+-----------+------+--------------+------------+----------------------------------------------------------------------------------------------------------------------------------+----------------------------------+--------------+
; |main                                                                       ; 0 (0)               ; 0 (0)                     ; 18432       ; 0          ; 0            ; 0       ; 0         ; 106  ; 0            ; 0          ; |main                                                                                                                            ; main                             ; work         ;
;    |single_port_ram_no_change_mode:single_port_ram_no_change_mode_inst|     ; 0 (0)               ; 0 (0)                     ; 6144        ; 0          ; 0            ; 0       ; 0         ; 0    ; 0            ; 0          ; |main|single_port_ram_no_change_mode:single_port_ram_no_change_mode_inst                                                         ; single_port_ram_no_change_mode   ; work         ;
;       |altsyncram:mem_rtl_0|                                                ; 0 (0)               ; 0 (0)                     ; 6144        ; 0          ; 0            ; 0       ; 0         ; 0    ; 0            ; 0          ; |main|single_port_ram_no_change_mode:single_port_ram_no_change_mode_inst|altsyncram:mem_rtl_0                                    ; altsyncram                       ; work         ;
;          |altsyncram_i7d1:auto_generated|                                   ; 0 (0)               ; 0 (0)                     ; 6144        ; 0          ; 0            ; 0       ; 0         ; 0    ; 0            ; 0          ; |main|single_port_ram_no_change_mode:single_port_ram_no_change_mode_inst|altsyncram:mem_rtl_0|altsyncram_i7d1:auto_generated     ; altsyncram_i7d1                  ; work         ;
;    |single_port_ram_read_first_mode:single_port_ram_read_first_mode_inst|   ; 0 (0)               ; 0 (0)                     ; 6144        ; 0          ; 0            ; 0       ; 0         ; 0    ; 0            ; 0          ; |main|single_port_ram_read_first_mode:single_port_ram_read_first_mode_inst                                                       ; single_port_ram_read_first_mode  ; work         ;
;       |altsyncram:mem_rtl_0|                                                ; 0 (0)               ; 0 (0)                     ; 6144        ; 0          ; 0            ; 0       ; 0         ; 0    ; 0            ; 0          ; |main|single_port_ram_read_first_mode:single_port_ram_read_first_mode_inst|altsyncram:mem_rtl_0                                  ; altsyncram                       ; work         ;
;          |altsyncram_io71:auto_generated|                                   ; 0 (0)               ; 0 (0)                     ; 6144        ; 0          ; 0            ; 0       ; 0         ; 0    ; 0            ; 0          ; |main|single_port_ram_read_first_mode:single_port_ram_read_first_mode_inst|altsyncram:mem_rtl_0|altsyncram_io71:auto_generated   ; altsyncram_io71                  ; work         ;
;    |single_port_ram_write_first_mode:single_port_ram_write_first_mode_inst| ; 0 (0)               ; 0 (0)                     ; 6144        ; 0          ; 0            ; 0       ; 0         ; 0    ; 0            ; 0          ; |main|single_port_ram_write_first_mode:single_port_ram_write_first_mode_inst                                                     ; single_port_ram_write_first_mode ; work         ;
;       |altsyncram:mem_rtl_0|                                                ; 0 (0)               ; 0 (0)                     ; 6144        ; 0          ; 0            ; 0       ; 0         ; 0    ; 0            ; 0          ; |main|single_port_ram_write_first_mode:single_port_ram_write_first_mode_inst|altsyncram:mem_rtl_0                                ; altsyncram                       ; work         ;
;          |altsyncram_3q31:auto_generated|                                   ; 0 (0)               ; 0 (0)                     ; 6144        ; 0          ; 0            ; 0       ; 0         ; 0    ; 0            ; 0          ; |main|single_port_ram_write_first_mode:single_port_ram_write_first_mode_inst|altsyncram:mem_rtl_0|altsyncram_3q31:auto_generated ; altsyncram_3q31                  ; work         ;
+-----------------------------------------------------------------------------+---------------------+---------------------------+-------------+------------+--------------+---------+-----------+------+--------------+------------+----------------------------------------------------------------------------------------------------------------------------------+----------------------------------+--------------+
Note: For table entries with two numbers listed, the numbers in parentheses indicate the number of resources of the given type used by the specific entity alone. The numbers listed outside of parentheses indicate the total resources of the given type used by the specific entity and all of its sub-entities in the hierarchy.


+-------------------------------------------------------------------------------------------------------------------------------------------------------------------------------------------------------------------------------------------+
; Analysis & Synthesis RAM Summary                                                                                                                                                                                                          ;
+---------------------------------------------------------------------------------------------------------------------------------------+------+------------------+--------------+--------------+--------------+--------------+------+------+
; Name                                                                                                                                  ; Type ; Mode             ; Port A Depth ; Port A Width ; Port B Depth ; Port B Width ; Size ; MIF  ;
+---------------------------------------------------------------------------------------------------------------------------------------+------+------------------+--------------+--------------+--------------+--------------+------+------+
; single_port_ram_no_change_mode:single_port_ram_no_change_mode_inst|altsyncram:mem_rtl_0|altsyncram_i7d1:auto_generated|ALTSYNCRAM     ; AUTO ; Simple Dual Port ; 256          ; 24           ; 256          ; 24           ; 6144 ; None ;
; single_port_ram_read_first_mode:single_port_ram_read_first_mode_inst|altsyncram:mem_rtl_0|altsyncram_io71:auto_generated|ALTSYNCRAM   ; AUTO ; Single Port      ; 256          ; 24           ; --           ; --           ; 6144 ; None ;
; single_port_ram_write_first_mode:single_port_ram_write_first_mode_inst|altsyncram:mem_rtl_0|altsyncram_3q31:auto_generated|ALTSYNCRAM ; AUTO ; Single Port      ; 256          ; 24           ; --           ; --           ; 6144 ; None ;
+---------------------------------------------------------------------------------------------------------------------------------------+------+------------------+--------------+--------------+--------------+--------------+------+------+


+------------------------------------------------------+
; General Register Statistics                          ;
+----------------------------------------------+-------+
; Statistic                                    ; Value ;
+----------------------------------------------+-------+
; Total registers                              ; 0     ;
; Number of registers using Synchronous Clear  ; 0     ;
; Number of registers using Synchronous Load   ; 0     ;
; Number of registers using Asynchronous Clear ; 0     ;
; Number of registers using Asynchronous Load  ; 0     ;
; Number of registers using Clock Enable       ; 0     ;
; Number of registers using Preset             ; 0     ;
+----------------------------------------------+-------+


+------------------------------------------------------------------------------------------------------------------------------------------------------------------------------+
; Registers Packed Into Inferred Megafunctions                                                                                                                                 ;
+------------------------------------------------------------------------------------+----------------------------------------------------------------------------------+------+
; Register Name                                                                      ; Megafunction                                                                     ; Type ;
+------------------------------------------------------------------------------------+----------------------------------------------------------------------------------+------+
; single_port_ram_read_first_mode:single_port_ram_read_first_mode_inst|dout[0..23]   ; single_port_ram_read_first_mode:single_port_ram_read_first_mode_inst|mem_rtl_0   ; RAM  ;
; single_port_ram_write_first_mode:single_port_ram_write_first_mode_inst|dout[0..23] ; single_port_ram_write_first_mode:single_port_ram_write_first_mode_inst|mem_rtl_0 ; RAM  ;
; single_port_ram_no_change_mode:single_port_ram_no_change_mode_inst|dout[0..23]     ; single_port_ram_no_change_mode:single_port_ram_no_change_mode_inst|mem_rtl_0     ; RAM  ;
+------------------------------------------------------------------------------------+----------------------------------------------------------------------------------+------+


+-------------------------------------------------------------------------------------------------------------------------------------------------+
; Source assignments for single_port_ram_read_first_mode:single_port_ram_read_first_mode_inst|altsyncram:mem_rtl_0|altsyncram_io71:auto_generated ;
+---------------------------------+--------------------+------+-----------------------------------------------------------------------------------+
; Assignment                      ; Value              ; From ; To                                                                                ;
+---------------------------------+--------------------+------+-----------------------------------------------------------------------------------+
; OPTIMIZE_POWER_DURING_SYNTHESIS ; NORMAL_COMPILATION ; -    ; -                                                                                 ;
+---------------------------------+--------------------+------+-----------------------------------------------------------------------------------+


+---------------------------------------------------------------------------------------------------------------------------------------------------+
; Source assignments for single_port_ram_write_first_mode:single_port_ram_write_first_mode_inst|altsyncram:mem_rtl_0|altsyncram_3q31:auto_generated ;
+---------------------------------+--------------------+------+-------------------------------------------------------------------------------------+
; Assignment                      ; Value              ; From ; To                                                                                  ;
+---------------------------------+--------------------+------+-------------------------------------------------------------------------------------+
; OPTIMIZE_POWER_DURING_SYNTHESIS ; NORMAL_COMPILATION ; -    ; -                                                                                   ;
+---------------------------------+--------------------+------+-------------------------------------------------------------------------------------+


+-----------------------------------------------------------------------------------------------------------------------------------------------+
; Source assignments for single_port_ram_no_change_mode:single_port_ram_no_change_mode_inst|altsyncram:mem_rtl_0|altsyncram_i7d1:auto_generated ;
+---------------------------------+--------------------+------+---------------------------------------------------------------------------------+
; Assignment                      ; Value              ; From ; To                                                                              ;
+---------------------------------+--------------------+------+---------------------------------------------------------------------------------+
; OPTIMIZE_POWER_DURING_SYNTHESIS ; NORMAL_COMPILATION ; -    ; -                                                                               ;
+---------------------------------+--------------------+------+---------------------------------------------------------------------------------+


+-------------------------------------------------------------------------------------------------------------------+
; Parameter Settings for User Entity Instance: single_port_ram_read_first_mode:single_port_ram_read_first_mode_inst ;
+----------------+-------+------------------------------------------------------------------------------------------+
; Parameter Name ; Value ; Type                                                                                     ;
+----------------+-------+------------------------------------------------------------------------------------------+
; MEM_WIDTH      ; 24    ; Signed Integer                                                                           ;
; ADDR_WIDTH     ; 8     ; Signed Integer                                                                           ;
+----------------+-------+------------------------------------------------------------------------------------------+
Note: In order to hide this table in the UI and the text report file, please set the "Show Parameter Settings in Synthesis Report" option in "Analysis and Synthesis Settings -> More Settings" to "Off".


+---------------------------------------------------------------------------------------------------------------------+
; Parameter Settings for User Entity Instance: single_port_ram_write_first_mode:single_port_ram_write_first_mode_inst ;
+----------------+-------+--------------------------------------------------------------------------------------------+
; Parameter Name ; Value ; Type                                                                                       ;
+----------------+-------+--------------------------------------------------------------------------------------------+
; MEM_WIDTH      ; 24    ; Signed Integer                                                                             ;
; ADDR_WIDTH     ; 8     ; Signed Integer                                                                             ;
+----------------+-------+--------------------------------------------------------------------------------------------+
Note: In order to hide this table in the UI and the text report file, please set the "Show Parameter Settings in Synthesis Report" option in "Analysis and Synthesis Settings -> More Settings" to "Off".


+-----------------------------------------------------------------------------------------------------------------+
; Parameter Settings for User Entity Instance: single_port_ram_no_change_mode:single_port_ram_no_change_mode_inst ;
+----------------+-------+----------------------------------------------------------------------------------------+
; Parameter Name ; Value ; Type                                                                                   ;
+----------------+-------+----------------------------------------------------------------------------------------+
; MEM_WIDTH      ; 24    ; Signed Integer                                                                         ;
; ADDR_WIDTH     ; 8     ; Signed Integer                                                                         ;
+----------------+-------+----------------------------------------------------------------------------------------+
Note: In order to hide this table in the UI and the text report file, please set the "Show Parameter Settings in Synthesis Report" option in "Analysis and Synthesis Settings -> More Settings" to "Off".


+--------------------------------------------------------------------------------------------------------------------------------------------+
; Parameter Settings for Inferred Entity Instance: single_port_ram_read_first_mode:single_port_ram_read_first_mode_inst|altsyncram:mem_rtl_0 ;
+------------------------------------+----------------------+--------------------------------------------------------------------------------+
; Parameter Name                     ; Value                ; Type                                                                           ;
+------------------------------------+----------------------+--------------------------------------------------------------------------------+
; BYTE_SIZE_BLOCK                    ; 8                    ; Untyped                                                                        ;
; AUTO_CARRY_CHAINS                  ; ON                   ; AUTO_CARRY                                                                     ;
; IGNORE_CARRY_BUFFERS               ; OFF                  ; IGNORE_CARRY                                                                   ;
; AUTO_CASCADE_CHAINS                ; ON                   ; AUTO_CASCADE                                                                   ;
; IGNORE_CASCADE_BUFFERS             ; OFF                  ; IGNORE_CASCADE                                                                 ;
; WIDTH_BYTEENA                      ; 1                    ; Untyped                                                                        ;
; OPERATION_MODE                     ; SINGLE_PORT          ; Untyped                                                                        ;
; WIDTH_A                            ; 24                   ; Untyped                                                                        ;
; WIDTHAD_A                          ; 8                    ; Untyped                                                                        ;
; NUMWORDS_A                         ; 256                  ; Untyped                                                                        ;
; OUTDATA_REG_A                      ; UNREGISTERED         ; Untyped                                                                        ;
; ADDRESS_ACLR_A                     ; NONE                 ; Untyped                                                                        ;
; OUTDATA_ACLR_A                     ; NONE                 ; Untyped                                                                        ;
; WRCONTROL_ACLR_A                   ; NONE                 ; Untyped                                                                        ;
; INDATA_ACLR_A                      ; NONE                 ; Untyped                                                                        ;
; BYTEENA_ACLR_A                     ; NONE                 ; Untyped                                                                        ;
; WIDTH_B                            ; 1                    ; Untyped                                                                        ;
; WIDTHAD_B                          ; 1                    ; Untyped                                                                        ;
; NUMWORDS_B                         ; 1                    ; Untyped                                                                        ;
; INDATA_REG_B                       ; CLOCK1               ; Untyped                                                                        ;
; WRCONTROL_WRADDRESS_REG_B          ; CLOCK1               ; Untyped                                                                        ;
; RDCONTROL_REG_B                    ; CLOCK1               ; Untyped                                                                        ;
; ADDRESS_REG_B                      ; CLOCK1               ; Untyped                                                                        ;
; OUTDATA_REG_B                      ; UNREGISTERED         ; Untyped                                                                        ;
; BYTEENA_REG_B                      ; CLOCK1               ; Untyped                                                                        ;
; INDATA_ACLR_B                      ; NONE                 ; Untyped                                                                        ;
; WRCONTROL_ACLR_B                   ; NONE                 ; Untyped                                                                        ;
; ADDRESS_ACLR_B                     ; NONE                 ; Untyped                                                                        ;
; OUTDATA_ACLR_B                     ; NONE                 ; Untyped                                                                        ;
; RDCONTROL_ACLR_B                   ; NONE                 ; Untyped                                                                        ;
; BYTEENA_ACLR_B                     ; NONE                 ; Untyped                                                                        ;
; WIDTH_BYTEENA_A                    ; 1                    ; Untyped                                                                        ;
; WIDTH_BYTEENA_B                    ; 1                    ; Untyped                                                                        ;
; RAM_BLOCK_TYPE                     ; AUTO                 ; Untyped                                                                        ;
; BYTE_SIZE                          ; 8                    ; Untyped                                                                        ;
; READ_DURING_WRITE_MODE_MIXED_PORTS ; DONT_CARE            ; Untyped                                                                        ;
; READ_DURING_WRITE_MODE_PORT_A      ; OLD_DATA             ; Untyped                                                                        ;
; READ_DURING_WRITE_MODE_PORT_B      ; NEW_DATA_NO_NBE_READ ; Untyped                                                                        ;
; INIT_FILE                          ; UNUSED               ; Untyped                                                                        ;
; INIT_FILE_LAYOUT                   ; PORT_A               ; Untyped                                                                        ;
; MAXIMUM_DEPTH                      ; 0                    ; Untyped                                                                        ;
; CLOCK_ENABLE_INPUT_A               ; NORMAL               ; Untyped                                                                        ;
; CLOCK_ENABLE_INPUT_B               ; NORMAL               ; Untyped                                                                        ;
; CLOCK_ENABLE_OUTPUT_A              ; NORMAL               ; Untyped                                                                        ;
; CLOCK_ENABLE_OUTPUT_B              ; NORMAL               ; Untyped                                                                        ;
; CLOCK_ENABLE_CORE_A                ; USE_INPUT_CLKEN      ; Untyped                                                                        ;
; CLOCK_ENABLE_CORE_B                ; USE_INPUT_CLKEN      ; Untyped                                                                        ;
; ENABLE_ECC                         ; FALSE                ; Untyped                                                                        ;
; ECC_PIPELINE_STAGE_ENABLED         ; FALSE                ; Untyped                                                                        ;
; WIDTH_ECCSTATUS                    ; 3                    ; Untyped                                                                        ;
; DEVICE_FAMILY                      ; MAX 10               ; Untyped                                                                        ;
; CBXI_PARAMETER                     ; altsyncram_io71      ; Untyped                                                                        ;
+------------------------------------+----------------------+--------------------------------------------------------------------------------+
Note: In order to hide this table in the UI and the text report file, please set the "Show Parameter Settings in Synthesis Report" option in "Analysis and Synthesis Settings -> More Settings" to "Off".


+----------------------------------------------------------------------------------------------------------------------------------------------+
; Parameter Settings for Inferred Entity Instance: single_port_ram_write_first_mode:single_port_ram_write_first_mode_inst|altsyncram:mem_rtl_0 ;
+------------------------------------+----------------------+----------------------------------------------------------------------------------+
; Parameter Name                     ; Value                ; Type                                                                             ;
+------------------------------------+----------------------+----------------------------------------------------------------------------------+
; BYTE_SIZE_BLOCK                    ; 8                    ; Untyped                                                                          ;
; AUTO_CARRY_CHAINS                  ; ON                   ; AUTO_CARRY                                                                       ;
; IGNORE_CARRY_BUFFERS               ; OFF                  ; IGNORE_CARRY                                                                     ;
; AUTO_CASCADE_CHAINS                ; ON                   ; AUTO_CASCADE                                                                     ;
; IGNORE_CASCADE_BUFFERS             ; OFF                  ; IGNORE_CASCADE                                                                   ;
; WIDTH_BYTEENA                      ; 1                    ; Untyped                                                                          ;
; OPERATION_MODE                     ; SINGLE_PORT          ; Untyped                                                                          ;
; WIDTH_A                            ; 24                   ; Untyped                                                                          ;
; WIDTHAD_A                          ; 8                    ; Untyped                                                                          ;
; NUMWORDS_A                         ; 256                  ; Untyped                                                                          ;
; OUTDATA_REG_A                      ; UNREGISTERED         ; Untyped                                                                          ;
; ADDRESS_ACLR_A                     ; NONE                 ; Untyped                                                                          ;
; OUTDATA_ACLR_A                     ; NONE                 ; Untyped                                                                          ;
; WRCONTROL_ACLR_A                   ; NONE                 ; Untyped                                                                          ;
; INDATA_ACLR_A                      ; NONE                 ; Untyped                                                                          ;
; BYTEENA_ACLR_A                     ; NONE                 ; Untyped                                                                          ;
; WIDTH_B                            ; 1                    ; Untyped                                                                          ;
; WIDTHAD_B                          ; 1                    ; Untyped                                                                          ;
; NUMWORDS_B                         ; 1                    ; Untyped                                                                          ;
; INDATA_REG_B                       ; CLOCK1               ; Untyped                                                                          ;
; WRCONTROL_WRADDRESS_REG_B          ; CLOCK1               ; Untyped                                                                          ;
; RDCONTROL_REG_B                    ; CLOCK1               ; Untyped                                                                          ;
; ADDRESS_REG_B                      ; CLOCK1               ; Untyped                                                                          ;
; OUTDATA_REG_B                      ; UNREGISTERED         ; Untyped                                                                          ;
; BYTEENA_REG_B                      ; CLOCK1               ; Untyped                                                                          ;
; INDATA_ACLR_B                      ; NONE                 ; Untyped                                                                          ;
; WRCONTROL_ACLR_B                   ; NONE                 ; Untyped                                                                          ;
; ADDRESS_ACLR_B                     ; NONE                 ; Untyped                                                                          ;
; OUTDATA_ACLR_B                     ; NONE                 ; Untyped                                                                          ;
; RDCONTROL_ACLR_B                   ; NONE                 ; Untyped                                                                          ;
; BYTEENA_ACLR_B                     ; NONE                 ; Untyped                                                                          ;
; WIDTH_BYTEENA_A                    ; 1                    ; Untyped                                                                          ;
; WIDTH_BYTEENA_B                    ; 1                    ; Untyped                                                                          ;
; RAM_BLOCK_TYPE                     ; AUTO                 ; Untyped                                                                          ;
; BYTE_SIZE                          ; 8                    ; Untyped                                                                          ;
; READ_DURING_WRITE_MODE_MIXED_PORTS ; DONT_CARE            ; Untyped                                                                          ;
; READ_DURING_WRITE_MODE_PORT_A      ; NEW_DATA_NO_NBE_READ ; Untyped                                                                          ;
; READ_DURING_WRITE_MODE_PORT_B      ; NEW_DATA_NO_NBE_READ ; Untyped                                                                          ;
; INIT_FILE                          ; UNUSED               ; Untyped                                                                          ;
; INIT_FILE_LAYOUT                   ; PORT_A               ; Untyped                                                                          ;
; MAXIMUM_DEPTH                      ; 0                    ; Untyped                                                                          ;
; CLOCK_ENABLE_INPUT_A               ; NORMAL               ; Untyped                                                                          ;
; CLOCK_ENABLE_INPUT_B               ; NORMAL               ; Untyped                                                                          ;
; CLOCK_ENABLE_OUTPUT_A              ; NORMAL               ; Untyped                                                                          ;
; CLOCK_ENABLE_OUTPUT_B              ; NORMAL               ; Untyped                                                                          ;
; CLOCK_ENABLE_CORE_A                ; USE_INPUT_CLKEN      ; Untyped                                                                          ;
; CLOCK_ENABLE_CORE_B                ; USE_INPUT_CLKEN      ; Untyped                                                                          ;
; ENABLE_ECC                         ; FALSE                ; Untyped                                                                          ;
; ECC_PIPELINE_STAGE_ENABLED         ; FALSE                ; Untyped                                                                          ;
; WIDTH_ECCSTATUS                    ; 3                    ; Untyped                                                                          ;
; DEVICE_FAMILY                      ; MAX 10               ; Untyped                                                                          ;
; CBXI_PARAMETER                     ; altsyncram_3q31      ; Untyped                                                                          ;
+------------------------------------+----------------------+----------------------------------------------------------------------------------+
Note: In order to hide this table in the UI and the text report file, please set the "Show Parameter Settings in Synthesis Report" option in "Analysis and Synthesis Settings -> More Settings" to "Off".


+------------------------------------------------------------------------------------------------------------------------------------------+
; Parameter Settings for Inferred Entity Instance: single_port_ram_no_change_mode:single_port_ram_no_change_mode_inst|altsyncram:mem_rtl_0 ;
+------------------------------------+----------------------+------------------------------------------------------------------------------+
; Parameter Name                     ; Value                ; Type                                                                         ;
+------------------------------------+----------------------+------------------------------------------------------------------------------+
; BYTE_SIZE_BLOCK                    ; 8                    ; Untyped                                                                      ;
; AUTO_CARRY_CHAINS                  ; ON                   ; AUTO_CARRY                                                                   ;
; IGNORE_CARRY_BUFFERS               ; OFF                  ; IGNORE_CARRY                                                                 ;
; AUTO_CASCADE_CHAINS                ; ON                   ; AUTO_CASCADE                                                                 ;
; IGNORE_CASCADE_BUFFERS             ; OFF                  ; IGNORE_CASCADE                                                               ;
; WIDTH_BYTEENA                      ; 1                    ; Untyped                                                                      ;
; OPERATION_MODE                     ; DUAL_PORT            ; Untyped                                                                      ;
; WIDTH_A                            ; 24                   ; Untyped                                                                      ;
; WIDTHAD_A                          ; 8                    ; Untyped                                                                      ;
; NUMWORDS_A                         ; 256                  ; Untyped                                                                      ;
; OUTDATA_REG_A                      ; UNREGISTERED         ; Untyped                                                                      ;
; ADDRESS_ACLR_A                     ; NONE                 ; Untyped                                                                      ;
; OUTDATA_ACLR_A                     ; NONE                 ; Untyped                                                                      ;
; WRCONTROL_ACLR_A                   ; NONE                 ; Untyped                                                                      ;
; INDATA_ACLR_A                      ; NONE                 ; Untyped                                                                      ;
; BYTEENA_ACLR_A                     ; NONE                 ; Untyped                                                                      ;
; WIDTH_B                            ; 24                   ; Untyped                                                                      ;
; WIDTHAD_B                          ; 8                    ; Untyped                                                                      ;
; NUMWORDS_B                         ; 256                  ; Untyped                                                                      ;
; INDATA_REG_B                       ; CLOCK1               ; Untyped                                                                      ;
; WRCONTROL_WRADDRESS_REG_B          ; CLOCK1               ; Untyped                                                                      ;
; RDCONTROL_REG_B                    ; CLOCK1               ; Untyped                                                                      ;
; ADDRESS_REG_B                      ; CLOCK1               ; Untyped                                                                      ;
; OUTDATA_REG_B                      ; UNREGISTERED         ; Untyped                                                                      ;
; BYTEENA_REG_B                      ; CLOCK1               ; Untyped                                                                      ;
; INDATA_ACLR_B                      ; NONE                 ; Untyped                                                                      ;
; WRCONTROL_ACLR_B                   ; NONE                 ; Untyped                                                                      ;
; ADDRESS_ACLR_B                     ; NONE                 ; Untyped                                                                      ;
; OUTDATA_ACLR_B                     ; NONE                 ; Untyped                                                                      ;
; RDCONTROL_ACLR_B                   ; NONE                 ; Untyped                                                                      ;
; BYTEENA_ACLR_B                     ; NONE                 ; Untyped                                                                      ;
; WIDTH_BYTEENA_A                    ; 1                    ; Untyped                                                                      ;
; WIDTH_BYTEENA_B                    ; 1                    ; Untyped                                                                      ;
; RAM_BLOCK_TYPE                     ; AUTO                 ; Untyped                                                                      ;
; BYTE_SIZE                          ; 8                    ; Untyped                                                                      ;
; READ_DURING_WRITE_MODE_MIXED_PORTS ; DONT_CARE            ; Untyped                                                                      ;
; READ_DURING_WRITE_MODE_PORT_A      ; NEW_DATA_NO_NBE_READ ; Untyped                                                                      ;
; READ_DURING_WRITE_MODE_PORT_B      ; NEW_DATA_NO_NBE_READ ; Untyped                                                                      ;
; INIT_FILE                          ; UNUSED               ; Untyped                                                                      ;
; INIT_FILE_LAYOUT                   ; PORT_A               ; Untyped                                                                      ;
; MAXIMUM_DEPTH                      ; 0                    ; Untyped                                                                      ;
; CLOCK_ENABLE_INPUT_A               ; NORMAL               ; Untyped                                                                      ;
; CLOCK_ENABLE_INPUT_B               ; NORMAL               ; Untyped                                                                      ;
; CLOCK_ENABLE_OUTPUT_A              ; NORMAL               ; Untyped                                                                      ;
; CLOCK_ENABLE_OUTPUT_B              ; NORMAL               ; Untyped                                                                      ;
; CLOCK_ENABLE_CORE_A                ; USE_INPUT_CLKEN      ; Untyped                                                                      ;
; CLOCK_ENABLE_CORE_B                ; USE_INPUT_CLKEN      ; Untyped                                                                      ;
; ENABLE_ECC                         ; FALSE                ; Untyped                                                                      ;
; ECC_PIPELINE_STAGE_ENABLED         ; FALSE                ; Untyped                                                                      ;
; WIDTH_ECCSTATUS                    ; 3                    ; Untyped                                                                      ;
; DEVICE_FAMILY                      ; MAX 10               ; Untyped                                                                      ;
; CBXI_PARAMETER                     ; altsyncram_i7d1      ; Untyped                                                                      ;
+------------------------------------+----------------------+------------------------------------------------------------------------------+
Note: In order to hide this table in the UI and the text report file, please set the "Show Parameter Settings in Synthesis Report" option in "Analysis and Synthesis Settings -> More Settings" to "Off".


+-----------------------------------------------------------------------------------------------------------------------------------------+
; altsyncram Parameter Settings by Entity Instance                                                                                        ;
+-------------------------------------------+---------------------------------------------------------------------------------------------+
; Name                                      ; Value                                                                                       ;
+-------------------------------------------+---------------------------------------------------------------------------------------------+
; Number of entity instances                ; 3                                                                                           ;
; Entity Instance                           ; single_port_ram_read_first_mode:single_port_ram_read_first_mode_inst|altsyncram:mem_rtl_0   ;
;     -- OPERATION_MODE                     ; SINGLE_PORT                                                                                 ;
;     -- WIDTH_A                            ; 24                                                                                          ;
;     -- NUMWORDS_A                         ; 256                                                                                         ;
;     -- OUTDATA_REG_A                      ; UNREGISTERED                                                                                ;
;     -- WIDTH_B                            ; 1                                                                                           ;
;     -- NUMWORDS_B                         ; 1                                                                                           ;
;     -- ADDRESS_REG_B                      ; CLOCK1                                                                                      ;
;     -- OUTDATA_REG_B                      ; UNREGISTERED                                                                                ;
;     -- RAM_BLOCK_TYPE                     ; AUTO                                                                                        ;
;     -- READ_DURING_WRITE_MODE_MIXED_PORTS ; DONT_CARE                                                                                   ;
; Entity Instance                           ; single_port_ram_write_first_mode:single_port_ram_write_first_mode_inst|altsyncram:mem_rtl_0 ;
;     -- OPERATION_MODE                     ; SINGLE_PORT                                                                                 ;
;     -- WIDTH_A                            ; 24                                                                                          ;
;     -- NUMWORDS_A                         ; 256                                                                                         ;
;     -- OUTDATA_REG_A                      ; UNREGISTERED                                                                                ;
;     -- WIDTH_B                            ; 1                                                                                           ;
;     -- NUMWORDS_B                         ; 1                                                                                           ;
;     -- ADDRESS_REG_B                      ; CLOCK1                                                                                      ;
;     -- OUTDATA_REG_B                      ; UNREGISTERED                                                                                ;
;     -- RAM_BLOCK_TYPE                     ; AUTO                                                                                        ;
;     -- READ_DURING_WRITE_MODE_MIXED_PORTS ; DONT_CARE                                                                                   ;
; Entity Instance                           ; single_port_ram_no_change_mode:single_port_ram_no_change_mode_inst|altsyncram:mem_rtl_0     ;
;     -- OPERATION_MODE                     ; DUAL_PORT                                                                                   ;
;     -- WIDTH_A                            ; 24                                                                                          ;
;     -- NUMWORDS_A                         ; 256                                                                                         ;
;     -- OUTDATA_REG_A                      ; UNREGISTERED                                                                                ;
;     -- WIDTH_B                            ; 24                                                                                          ;
;     -- NUMWORDS_B                         ; 256                                                                                         ;
;     -- ADDRESS_REG_B                      ; CLOCK1                                                                                      ;
;     -- OUTDATA_REG_B                      ; UNREGISTERED                                                                                ;
;     -- RAM_BLOCK_TYPE                     ; AUTO                                                                                        ;
;     -- READ_DURING_WRITE_MODE_MIXED_PORTS ; DONT_CARE                                                                                   ;
+-------------------------------------------+---------------------------------------------------------------------------------------------+


+-----------------------------------------------------+
; Post-Synthesis Netlist Statistics for Top Partition ;
+----------------------+------------------------------+
; Type                 ; Count                        ;
+----------------------+------------------------------+
; boundary_port        ; 106                          ;
; cycloneiii_ram_block ; 72                           ;
;                      ;                              ;
; Max LUT depth        ; 0.00                         ;
; Average LUT depth    ; 0.00                         ;
+----------------------+------------------------------+


+-------------------------------+
; Elapsed Time Per Partition    ;
+----------------+--------------+
; Partition Name ; Elapsed Time ;
+----------------+--------------+
; Top            ; 00:00:01     ;
+----------------+--------------+


+-------------------------------+
; Analysis & Synthesis Messages ;
+-------------------------------+
Info: *******************************************************************
Info: Running Quartus Prime Analysis & Synthesis
    Info: Version 17.0.0 Build 595 04/25/2017 SJ Lite Edition
    Info: Processing started: Thu Apr 24 12:21:20 2025
Info: Command: quartus_map --read_settings_files=on --write_settings_files=off single_port_ram -c main
Warning (18236): Number of processors has not been specified which may cause overloading on shared machines.  Set the global assignment NUM_PARALLEL_PROCESSORS in your QSF to an appropriate value for best performance.
Info (20030): Parallel compilation is enabled and will use 2 of the 2 processors detected
Info (12021): Found 1 design units, including 1 entities, in source file main.v
    Info (12023): Found entity 1: main File: D:/test/Test/Quartus_projects/single_port_ram/main.v Line: 1
Info (12021): Found 1 design units, including 1 entities, in source file main_tb.v
    Info (12023): Found entity 1: main_tb File: D:/test/Test/Quartus_projects/single_port_ram/main_tb.v Line: 4
Info (12021): Found 1 design units, including 1 entities, in source file src/single_port_ram_no_change_mode.v
    Info (12023): Found entity 1: single_port_ram_no_change_mode File: D:/test/Test/Quartus_projects/single_port_ram/src/single_port_ram_no_change_mode.v Line: 1
Info (12021): Found 1 design units, including 1 entities, in source file src/single_port_ram_read_first_mode.v
    Info (12023): Found entity 1: single_port_ram_read_first_mode File: D:/test/Test/Quartus_projects/single_port_ram/src/single_port_ram_read_first_mode.v Line: 1
Info (12021): Found 1 design units, including 1 entities, in source file src/single_port_ram_write_first_mode.v
    Info (12023): Found entity 1: single_port_ram_write_first_mode File: D:/test/Test/Quartus_projects/single_port_ram/src/single_port_ram_write_first_mode.v Line: 1
Info (12127): Elaborating entity "main" for the top level hierarchy
Info (12128): Elaborating entity "single_port_ram_read_first_mode" for hierarchy "single_port_ram_read_first_mode:single_port_ram_read_first_mode_inst" File: D:/test/Test/Quartus_projects/single_port_ram/main.v Line: 25
Info (12128): Elaborating entity "single_port_ram_write_first_mode" for hierarchy "single_port_ram_write_first_mode:single_port_ram_write_first_mode_inst" File: D:/test/Test/Quartus_projects/single_port_ram/main.v Line: 34
Info (12128): Elaborating entity "single_port_ram_no_change_mode" for hierarchy "single_port_ram_no_change_mode:single_port_ram_no_change_mode_inst" File: D:/test/Test/Quartus_projects/single_port_ram/main.v Line: 44
Warning (276027): Inferred dual-clock RAM node "single_port_ram_no_change_mode:single_port_ram_no_change_mode_inst|mem_rtl_0" from synchronous design logic.  The read-during-write behavior of a dual-clock RAM is undefined and may not match the behavior of the original design.
Info (19000): Inferred 3 megafunctions from design logic
    Info (276029): Inferred altsyncram megafunction from the following design logic: "single_port_ram_read_first_mode:single_port_ram_read_first_mode_inst|mem_rtl_0" 
        Info (286033): Parameter OPERATION_MODE set to SINGLE_PORT
        Info (286033): Parameter WIDTH_A set to 24
        Info (286033): Parameter WIDTHAD_A set to 8
        Info (286033): Parameter NUMWORDS_A set to 256
        Info (286033): Parameter OUTDATA_REG_A set to UNREGISTERED
        Info (286033): Parameter ADDRESS_ACLR_A set to NONE
        Info (286033): Parameter OUTDATA_ACLR_A set to NONE
        Info (286033): Parameter READ_DURING_WRITE_MODE_PORT_A set to OLD_DATA
        Info (286033): Parameter INDATA_ACLR_A set to NONE
        Info (286033): Parameter WRCONTROL_ACLR_A set to NONE
    Info (276029): Inferred altsyncram megafunction from the following design logic: "single_port_ram_write_first_mode:single_port_ram_write_first_mode_inst|mem_rtl_0" 
        Info (286033): Parameter OPERATION_MODE set to SINGLE_PORT
        Info (286033): Parameter WIDTH_A set to 24
        Info (286033): Parameter WIDTHAD_A set to 8
        Info (286033): Parameter NUMWORDS_A set to 256
        Info (286033): Parameter OUTDATA_REG_A set to UNREGISTERED
        Info (286033): Parameter ADDRESS_ACLR_A set to NONE
        Info (286033): Parameter OUTDATA_ACLR_A set to NONE
        Info (286033): Parameter INDATA_ACLR_A set to NONE
        Info (286033): Parameter WRCONTROL_ACLR_A set to NONE
    Info (276029): Inferred altsyncram megafunction from the following design logic: "single_port_ram_no_change_mode:single_port_ram_no_change_mode_inst|mem_rtl_0" 
        Info (286033): Parameter OPERATION_MODE set to DUAL_PORT
        Info (286033): Parameter WIDTH_A set to 24
        Info (286033): Parameter WIDTHAD_A set to 8
        Info (286033): Parameter NUMWORDS_A set to 256
        Info (286033): Parameter WIDTH_B set to 24
        Info (286033): Parameter WIDTHAD_B set to 8
        Info (286033): Parameter NUMWORDS_B set to 256
        Info (286033): Parameter ADDRESS_ACLR_A set to NONE
        Info (286033): Parameter OUTDATA_REG_B set to UNREGISTERED
        Info (286033): Parameter ADDRESS_ACLR_B set to NONE
        Info (286033): Parameter OUTDATA_ACLR_B set to NONE
        Info (286033): Parameter ADDRESS_REG_B set to CLOCK1
        Info (286033): Parameter INDATA_ACLR_A set to NONE
        Info (286033): Parameter WRCONTROL_ACLR_A set to NONE
Info (12130): Elaborated megafunction instantiation "single_port_ram_read_first_mode:single_port_ram_read_first_mode_inst|altsyncram:mem_rtl_0"
Info (12133): Instantiated megafunction "single_port_ram_read_first_mode:single_port_ram_read_first_mode_inst|altsyncram:mem_rtl_0" with the following parameter:
    Info (12134): Parameter "OPERATION_MODE" = "SINGLE_PORT"
    Info (12134): Parameter "WIDTH_A" = "24"
    Info (12134): Parameter "WIDTHAD_A" = "8"
    Info (12134): Parameter "NUMWORDS_A" = "256"
    Info (12134): Parameter "OUTDATA_REG_A" = "UNREGISTERED"
    Info (12134): Parameter "ADDRESS_ACLR_A" = "NONE"
    Info (12134): Parameter "OUTDATA_ACLR_A" = "NONE"
    Info (12134): Parameter "READ_DURING_WRITE_MODE_PORT_A" = "OLD_DATA"
    Info (12134): Parameter "INDATA_ACLR_A" = "NONE"
    Info (12134): Parameter "WRCONTROL_ACLR_A" = "NONE"
Info (12021): Found 1 design units, including 1 entities, in source file db/altsyncram_io71.tdf
    Info (12023): Found entity 1: altsyncram_io71 File: D:/test/Test/Quartus_projects/single_port_ram/db/altsyncram_io71.tdf Line: 28
Info (12130): Elaborated megafunction instantiation "single_port_ram_write_first_mode:single_port_ram_write_first_mode_inst|altsyncram:mem_rtl_0"
Info (12133): Instantiated megafunction "single_port_ram_write_first_mode:single_port_ram_write_first_mode_inst|altsyncram:mem_rtl_0" with the following parameter:
    Info (12134): Parameter "OPERATION_MODE" = "SINGLE_PORT"
    Info (12134): Parameter "WIDTH_A" = "24"
    Info (12134): Parameter "WIDTHAD_A" = "8"
    Info (12134): Parameter "NUMWORDS_A" = "256"
    Info (12134): Parameter "OUTDATA_REG_A" = "UNREGISTERED"
    Info (12134): Parameter "ADDRESS_ACLR_A" = "NONE"
    Info (12134): Parameter "OUTDATA_ACLR_A" = "NONE"
    Info (12134): Parameter "INDATA_ACLR_A" = "NONE"
    Info (12134): Parameter "WRCONTROL_ACLR_A" = "NONE"
Info (12021): Found 1 design units, including 1 entities, in source file db/altsyncram_3q31.tdf
    Info (12023): Found entity 1: altsyncram_3q31 File: D:/test/Test/Quartus_projects/single_port_ram/db/altsyncram_3q31.tdf Line: 28
Info (12130): Elaborated megafunction instantiation "single_port_ram_no_change_mode:single_port_ram_no_change_mode_inst|altsyncram:mem_rtl_0"
Info (12133): Instantiated megafunction "single_port_ram_no_change_mode:single_port_ram_no_change_mode_inst|altsyncram:mem_rtl_0" with the following parameter:
    Info (12134): Parameter "OPERATION_MODE" = "DUAL_PORT"
    Info (12134): Parameter "WIDTH_A" = "24"
    Info (12134): Parameter "WIDTHAD_A" = "8"
    Info (12134): Parameter "NUMWORDS_A" = "256"
    Info (12134): Parameter "WIDTH_B" = "24"
    Info (12134): Parameter "WIDTHAD_B" = "8"
    Info (12134): Parameter "NUMWORDS_B" = "256"
    Info (12134): Parameter "ADDRESS_ACLR_A" = "NONE"
    Info (12134): Parameter "OUTDATA_REG_B" = "UNREGISTERED"
    Info (12134): Parameter "ADDRESS_ACLR_B" = "NONE"
    Info (12134): Parameter "OUTDATA_ACLR_B" = "NONE"
    Info (12134): Parameter "ADDRESS_REG_B" = "CLOCK1"
    Info (12134): Parameter "INDATA_ACLR_A" = "NONE"
    Info (12134): Parameter "WRCONTROL_ACLR_A" = "NONE"
Info (12021): Found 1 design units, including 1 entities, in source file db/altsyncram_i7d1.tdf
    Info (12023): Found entity 1: altsyncram_i7d1 File: D:/test/Test/Quartus_projects/single_port_ram/db/altsyncram_i7d1.tdf Line: 28
Info (16010): Generating hard_block partition "hard_block:auto_generated_inst"
    Info (16011): Adding 0 node(s), including 0 DDIO, 0 PLL, 0 transceiver and 0 LCELL
Info (21057): Implemented 178 device resources after synthesis - the final resource count might be different
    Info (21058): Implemented 34 input pins
    Info (21059): Implemented 72 output pins
    Info (21064): Implemented 72 RAM segments
Info: Quartus Prime Analysis & Synthesis was successful. 0 errors, 2 warnings
    Info: Peak virtual memory: 610 megabytes
    Info: Processing ended: Thu Apr 24 12:21:41 2025
    Info: Elapsed time: 00:00:21
    Info: Total CPU time (on all processors): 00:00:30


